<?xml version="1.0" encoding="UTF-8"?>
<testng-results ignored="0" total="2" passed="2" failed="0" skipped="0">
  <reporter-output>
  </reporter-output>
  <suite started-at="2022-06-26T21:25:01 IST" name="Default suite" finished-at="2022-06-26T21:25:19 IST" duration-ms="18241">
    <groups>
    </groups>
    <test started-at="2022-06-26T21:25:01 IST" name="Default test" finished-at="2022-06-26T21:25:19 IST" duration-ms="18241">
      <class name="tests.LoginTest">
        <test-method is-config="true" signature="setup()[pri:0, instance:tests.LoginTest@12aba8be]" started-at="2022-06-26T21:25:01 IST" name="setup" finished-at="2022-06-26T21:25:05 IST" duration-ms="3873" status="PASS">
          <reporter-output>
          </reporter-output>
        </test-method> <!-- setup -->
        <test-method signature="login(java.lang.String,java.lang.String,java.lang.String)[pri:0, instance:tests.LoginTest@12aba8be]" started-at="2022-06-26T21:25:05 IST" name="login" data-provider="getLogindata" finished-at="2022-06-26T21:25:06 IST" duration-ms="789" status="PASS">
          <params>
            <param index="0">
              <value>
                <![CDATA[phaniatw2@gmail.com]]>
              </value>
            </param>
            <param index="1">
              <value>
                <![CDATA[atw@123]]>
              </value>
            </param>
            <param index="2">
              <value>
                <![CDATA[success]]>
              </value>
            </param>
          </params>
          <reporter-output>
          </reporter-output>
        </test-method> <!-- login -->
        <test-method is-config="true" signature="tearDown()[pri:0, instance:tests.LoginTest@12aba8be]" started-at="2022-06-26T21:25:06 IST" name="tearDown" finished-at="2022-06-26T21:25:06 IST" duration-ms="96" status="PASS">
          <reporter-output>
          </reporter-output>
        </test-method> <!-- tearDown -->
        <test-method is-config="true" signature="setup()[pri:0, instance:tests.LoginTest@12aba8be]" started-at="2022-06-26T21:25:06 IST" name="setup" finished-at="2022-06-26T21:25:08 IST" duration-ms="2586" status="PASS">
          <reporter-output>
          </reporter-output>
        </test-method> <!-- setup -->
        <test-method signature="login(java.lang.String,java.lang.String,java.lang.String)[pri:0, instance:tests.LoginTest@12aba8be]" started-at="2022-06-26T21:25:08 IST" name="login" data-provider="getLogindata" finished-at="2022-06-26T21:25:19 IST" duration-ms="10785" status="PASS">
          <params>
            <param index="0">
              <value>
                <![CDATA[sample@Test.com]]>
              </value>
            </param>
            <param index="1">
              <value>
                <![CDATA[sample123]]>
              </value>
            </param>
            <param index="2">
              <value>
                <![CDATA[fail]]>
              </value>
            </param>
          </params>
          <reporter-output>
          </reporter-output>
        </test-method> <!-- login -->
        <test-method is-config="true" signature="tearDown()[pri:0, instance:tests.LoginTest@12aba8be]" started-at="2022-06-26T21:25:19 IST" name="tearDown" finished-at="2022-06-26T21:25:19 IST" duration-ms="84" status="PASS">
          <reporter-output>
          </reporter-output>
        </test-method> <!-- tearDown -->
      </class> <!-- tests.LoginTest -->
    </test> <!-- Default test -->
  </suite> <!-- Default suite -->
</testng-results>
